# JRE version: OpenJDK Runtime Environment Homebrew (23.0.2) (build 23.0.2)
# Java VM: OpenJDK 64-Bit Server VM Homebrew (23.0.2, mixed mode, sharing, tiered, compressed oops, compressed class ptrs, g1 gc, bsd-aarch64)
Heap:
 garbage-first heap   total reserved 16777216K, committed 1523712K, used 416816K [0x0000000400000000, 0x0000000800000000)
  region size 8192K, 48 young (393216K), 1 survivors (8192K)
 Metaspace       used 16729K, committed 17152K, reserved 1114112K
  class space    used 1959K, committed 2176K, reserved 1048576K
GC Heap History (20 events):
Event: 2126.765 GC heap before
{Heap before GC invocations=3380 (full 0):
 garbage-first heap   total reserved 16777216K, committed 1523712K, used 932714K [0x0000000400000000, 0x0000000800000000)
  region size 8192K, 111 young (909312K), 1 survivors (8192K)
 Metaspace       used 16729K, committed 17152K, reserved 1114112K
  class space    used 1959K, committed 2176K, reserved 1048576K
}
Event: 2126.770 GC heap after
{Heap after GC invocations=3381 (full 0):
 garbage-first heap   total reserved 16777216K, committed 1523712K, used 31792K [0x0000000400000000, 0x0000000800000000)
  region size 8192K, 1 young (8192K), 1 survivors (8192K)
 Metaspace       used 16729K, committed 17152K, reserved 1114112K
  class space    used 1959K, committed 2176K, reserved 1048576K
}
Event: 2127.378 GC heap before
{Heap before GC invocations=3381 (full 0):
 garbage-first heap   total reserved 16777216K, committed 1523712K, used 932912K [0x0000000400000000, 0x0000000800000000)
  region size 8192K, 111 young (909312K), 1 survivors (8192K)
 Metaspace       used 16729K, committed 17152K, reserved 1114112K
  class space    used 1959K, committed 2176K, reserved 1048576K
}
Event: 2127.385 GC heap after
{Heap after GC invocations=3382 (full 0):
 garbage-first heap   total reserved 16777216K, committed 1523712K, used 31907K [0x0000000400000000, 0x0000000800000000)
  region size 8192K, 2 young (16384K), 2 survivors (16384K)
 Metaspace       used 16729K, committed 17152K, reserved 1114112K
  class space    used 1959K, committed 2176K, reserved 1048576K
}
Event: 2127.994 GC heap before
{Heap before GC invocations=3382 (full 0):
 garbage-first heap   total reserved 16777216K, committed 1523712K, used 924835K [0x0000000400000000, 0x0000000800000000)
  region size 8192K, 111 young (909312K), 2 survivors (16384K)
 Metaspace       used 16729K, committed 17152K, reserved 1114112K
  class space    used 1959K, committed 2176K, reserved 1048576K
}
Event: 2128.000 GC heap after
{Heap after GC invocations=3383 (full 0):
 garbage-first heap   total reserved 16777216K, committed 1523712K, used 31792K [0x0000000400000000, 0x0000000800000000)
  region size 8192K, 1 young (8192K), 1 survivors (8192K)
 Metaspace       used 16729K, committed 17152K, reserved 1114112K
  class space    used 1959K, committed 2176K, reserved 1048576K
}
Event: 2128.617 GC heap before
{Heap before GC invocations=3383 (full 0):
 garbage-first heap   total reserved 16777216K, committed 1523712K, used 932912K [0x0000000400000000, 0x0000000800000000)
  region size 8192K, 111 young (909312K), 1 survivors (8192K)
 Metaspace       used 16729K, committed 17152K, reserved 1114112K
  class space    used 1959K, committed 2176K, reserved 1048576K
}
Event: 2128.623 GC heap after
{Heap after GC invocations=3384 (full 0):
 garbage-first heap   total reserved 16777216K, committed 1523712K, used 31711K [0x0000000400000000, 0x0000000800000000)
  region size 8192K, 1 young (8192K), 1 survivors (8192K)
 Metaspace       used 16729K, committed 17152K, reserved 1114112K
  class space    used 1959K, committed 2176K, reserved 1048576K
}
Event: 2129.238 GC heap before
{Heap before GC invocations=3384 (full 0):
 garbage-first heap   total reserved 16777216K, committed 1523712K, used 932831K [0x0000000400000000, 0x0000000800000000)
  region size 8192K, 111 young (909312K), 1 survivors (8192K)
 Metaspace       used 16729K, committed 17152K, reserved 1114112K
  class space    used 1959K, committed 2176K, reserved 1048576K
}
Event: 2129.244 GC heap after
{Heap after GC invocations=3385 (full 0):
 garbage-first heap   total reserved 16777216K, committed 1523712K, used 31709K [0x0000000400000000, 0x0000000800000000)
  region size 8192K, 1 young (8192K), 1 survivors (8192K)
 Metaspace       used 16729K, committed 17152K, reserved 1114112K
  class space    used 1959K, committed 2176K, reserved 1048576K
}
Event: 2129.860 GC heap before
{Heap before GC invocations=3385 (full 0):
 garbage-first heap   total reserved 16777216K, committed 1523712K, used 932829K [0x0000000400000000, 0x0000000800000000)
  region size 8192K, 111 young (909312K), 1 survivors (8192K)
 Metaspace       used 16729K, committed 17152K, reserved 1114112K
  class space    used 1959K, committed 2176K, reserved 1048576K
}
Event: 2129.866 GC heap after
{Heap after GC invocations=3386 (full 0):
 garbage-first heap   total reserved 16777216K, committed 1523712K, used 31711K [0x0000000400000000, 0x0000000800000000)
  region size 8192K, 1 young (8192K), 1 survivors (8192K)
 Metaspace       used 16729K, committed 17152K, reserved 1114112K
  class space    used 1959K, committed 2176K, reserved 1048576K
}
Event: 2130.482 GC heap before
{Heap before GC invocations=3386 (full 0):
 garbage-first heap   total reserved 16777216K, committed 1523712K, used 932831K [0x0000000400000000, 0x0000000800000000)
  region size 8192K, 111 young (909312K), 1 survivors (8192K)
 Metaspace       used 16729K, committed 17152K, reserved 1114112K
  class space    used 1959K, committed 2176K, reserved 1048576K
}
Event: 2130.488 GC heap after
{Heap after GC invocations=3387 (full 0):
 garbage-first heap   total reserved 16777216K, committed 1523712K, used 31598K [0x0000000400000000, 0x0000000800000000)
  region size 8192K, 1 young (8192K), 1 survivors (8192K)
 Metaspace       used 16729K, committed 17152K, reserved 1114112K
  class space    used 1959K, committed 2176K, reserved 1048576K
}
Event: 2131.104 GC heap before
{Heap before GC invocations=3387 (full 0):
 garbage-first heap   total reserved 16777216K, committed 1523712K, used 932718K [0x0000000400000000, 0x0000000800000000)
  region size 8192K, 111 young (909312K), 1 survivors (8192K)
 Metaspace       used 16729K, committed 17152K, reserved 1114112K
  class space    used 1959K, committed 2176K, reserved 1048576K
}
Event: 2131.110 GC heap after
{Heap after GC invocations=3388 (full 0):
 garbage-first heap   total reserved 16777216K, committed 1523712K, used 31596K [0x0000000400000000, 0x0000000800000000)
  region size 8192K, 1 young (8192K), 1 survivors (8192K)
 Metaspace       used 16729K, committed 17152K, reserved 1114112K
  class space    used 1959K, committed 2176K, reserved 1048576K
}
Event: 2131.729 GC heap before
{Heap before GC invocations=3388 (full 0):
 garbage-first heap   total reserved 16777216K, committed 1523712K, used 932716K [0x0000000400000000, 0x0000000800000000)
  region size 8192K, 111 young (909312K), 1 survivors (8192K)
 Metaspace       used 16729K, committed 17152K, reserved 1114112K
  class space    used 1959K, committed 2176K, reserved 1048576K
}
Event: 2131.735 GC heap after
{Heap after GC invocations=3389 (full 0):
 garbage-first heap   total reserved 16777216K, committed 1523712K, used 31711K [0x0000000400000000, 0x0000000800000000)
  region size 8192K, 1 young (8192K), 1 survivors (8192K)
 Metaspace       used 16729K, committed 17152K, reserved 1114112K
  class space    used 1959K, committed 2176K, reserved 1048576K
}
Event: 2132.350 GC heap before
{Heap before GC invocations=3389 (full 0):
 garbage-first heap   total reserved 16777216K, committed 1523712K, used 932831K [0x0000000400000000, 0x0000000800000000)
  region size 8192K, 111 young (909312K), 1 survivors (8192K)
 Metaspace       used 16729K, committed 17152K, reserved 1114112K
  class space    used 1959K, committed 2176K, reserved 1048576K
}
Event: 2132.356 GC heap after
{Heap after GC invocations=3390 (full 0):
 garbage-first heap   total reserved 16777216K, committed 1523712K, used 31792K [0x0000000400000000, 0x0000000800000000)
  region size 8192K, 1 young (8192K), 1 survivors (8192K)
 Metaspace       used 16729K, committed 17152K, reserved 1114112K
  class space    used 1959K, committed 2176K, reserved 1048576K
}

